<?xml version="1.0" encoding="UTF-8"?>
<!-- Generated by org.testng.reporters.JUnitReportReporter -->
<testsuite hostname="DESKTOP-OL3DFRR" failures="0" tests="1" name="assertion.HardAssertion" time="11.495" errors="0" timestamp="2024-10-23T13:28:09 IST" skipped="0">
  <testcase classname="assertion.HardAssertion" name="login" time="11.495"/>
  <system-out>
    <![CDATA[Welcome page displayed
Login page displayed]]>
  </system-out>
</testsuite> <!-- assertion.HardAssertion -->
