<?xml version="1.0" encoding="UTF-8"?>
<!-- Generated by org.testng.reporters.JUnitReportReporter -->
<testsuite hostname="DESKTOP-OL3DFRR" failures="0" tests="1" name="testNG.Ferrari" time="3.713" errors="0" timestamp="2024-10-18T20:24:26 IST" skipped="0">
  <testcase classname="testNG.Ferrari" name="launch" time="3.713"/>
  <system-out>
    <![CDATA[Ferrari launched succesfully!]]>
  </system-out>
</testsuite> <!-- testNG.Ferrari -->
