<?xml version="1.0" encoding="UTF-8"?>
<!-- Generated by org.testng.reporters.JUnitReportReporter -->
<testsuite hostname="DESKTOP-OL3DFRR" failures="0" tests="3" name="testNG.AnnotationAttributes" time="13.678" errors="0" timestamp="2024-10-17T16:25:34 IST" skipped="0">
  <testcase classname="testNG.AnnotationAttributes" name="register" time="5.446"/>
  <system-out>
    <![CDATA[register Test Case Executed]]>
  </system-out>
  <testcase classname="testNG.AnnotationAttributes" name="register" time="4.298"/>
  <system-out>
    <![CDATA[register Test Case Executed]]>
  </system-out>
  <testcase classname="testNG.AnnotationAttributes" name="register" time="3.934"/>
  <system-out>
    <![CDATA[register Test Case Executed]]>
  </system-out>
</testsuite> <!-- testNG.AnnotationAttributes -->
