<?xml version="1.0" encoding="UTF-8"?>
<!-- Generated by org.testng.reporters.JUnitReportReporter -->
<testsuite hostname="DESKTOP-OL3DFRR" failures="0" tests="3" name="testNG.Sample" time="0.013" errors="0" timestamp="2024-10-17T13:00:22 IST" skipped="0">
  <testcase classname="testNG.Sample" name="sample" time="0.001"/>
  <system-out>
    <![CDATA[sample Test Case Executed]]>
  </system-out>
  <testcase classname="testNG.Sample" name="add" time="0.011"/>
  <system-out>
    <![CDATA[add Test Case Executed]]>
  </system-out>
  <testcase classname="testNG.Sample" name="demo" time="0.001"/>
  <system-out>
    <![CDATA[demo Test Case Executed]]>
  </system-out>
</testsuite> <!-- testNG.Sample -->
