<?xml version="1.0" encoding="UTF-8"?>
<!-- Generated by org.testng.reporters.JUnitReportReporter -->
<testsuite hostname="DESKTOP-OL3DFRR" failures="0" tests="1" name="testNG.ToLearnTestNG" time="0.015" errors="0" timestamp="2024-10-16T13:52:14 IST" skipped="0">
  <testcase classname="testNG.ToLearnTestNG" name="demo" time="0.015"/>
  <system-out>
    <![CDATA[Welcome Team!]]>
  </system-out>
</testsuite> <!-- testNG.ToLearnTestNG -->
