<?xml version="1.0" encoding="UTF-8"?>
<!-- Generated by org.testng.reporters.JUnitReportReporter -->
<testsuite hostname="DESKTOP-OL3DFRR" failures="0" tests="2" name="testNG.DependsOnMethods" time="24.537" errors="0" timestamp="2024-10-18T12:39:35 IST" skipped="0">
  <testcase classname="testNG.DependsOnMethods" name="login" time="10.326"/>
  <system-out>
    <![CDATA[Login is Successful!]]>
  </system-out>
  <testcase classname="testNG.DependsOnMethods" name="register" time="14.211"/>
  <system-out>
    <![CDATA[register Test Case Executed]]>
  </system-out>
</testsuite> <!-- testNG.DependsOnMethods -->
