<?xml version="1.0" encoding="UTF-8"?>
<!-- Generated by org.testng.reporters.JUnitReportReporter -->
<testsuite hostname="DESKTOP-OL3DFRR" failures="0" tests="1" name="testNG.RollsRoys" time="8.886" errors="0" timestamp="2024-10-18T20:24:26 IST" skipped="0">
  <testcase classname="testNG.RollsRoys" name="launch" time="8.886"/>
  <system-out>
    <![CDATA[RollsRoys launched succesfully!]]>
  </system-out>
</testsuite> <!-- testNG.RollsRoys -->
