<?xml version="1.0" encoding="UTF-8"?>
<!-- Generated by org.testng.reporters.JUnitReportReporter -->
<testsuite hostname="DESKTOP-OL3DFRR" failures="0" tests="1" name="testNG.Audi" time="8.653" errors="0" timestamp="2024-10-18T20:24:26 IST" skipped="0">
  <testcase classname="testNG.Audi" name="launch" time="8.653"/>
  <system-out>
    <![CDATA[Audi launched succesfully!]]>
  </system-out>
</testsuite> <!-- testNG.Audi -->
